# JRE version: OpenJDK Runtime Environment (11.0.12+7) (build 11.0.12+7-b1504.28-7817840)
# Java VM: OpenJDK 64-Bit Server VM (11.0.12+7-b1504.28-7817840, mixed mode, tiered, compressed oops, g1 gc, windows-amd64)
Heap:
 garbage-first heap   total 512000K, used 194491K [0x0000000080000000, 0x0000000100000000)
  region size 1024K, 21 young (21504K), 17 survivors (17408K)
 Metaspace       used 180228K, capacity 185702K, committed 185880K, reserved 1212416K
  class space    used 21655K, capacity 23568K, committed 23652K, reserved 1048576K
GC Heap History (20 events):
Event: 2961.746 GC heap before
{Heap before GC invocations=176 (full 0):
 garbage-first heap   total 512000K, used 372170K [0x0000000080000000, 0x0000000100000000)
  region size 1024K, 101 young (103424K), 7 survivors (7168K)
 Metaspace       used 178977K, capacity 184121K, committed 185112K, reserved 1210368K
  class space    used 21536K, capacity 23354K, committed 23652K, reserved 1048576K
}
Event: 2961.764 GC heap after
{Heap after GC invocations=177 (full 0):
 garbage-first heap   total 512000K, used 281990K [0x0000000080000000, 0x0000000100000000)
  region size 1024K, 13 young (13312K), 13 survivors (13312K)
 Metaspace       used 178977K, capacity 184121K, committed 185112K, reserved 1210368K
  class space    used 21536K, capacity 23354K, committed 23652K, reserved 1048576K
}
Event: 2961.816 GC heap before
{Heap before GC invocations=177 (full 0):
 garbage-first heap   total 512000K, used 294278K [0x0000000080000000, 0x0000000100000000)
  region size 1024K, 25 young (25600K), 13 survivors (13312K)
 Metaspace       used 178977K, capacity 184121K, committed 185112K, reserved 1210368K
  class space    used 21536K, capacity 23354K, committed 23652K, reserved 1048576K
}
Event: 2961.884 GC heap after
{Heap after GC invocations=178 (full 0):
 garbage-first heap   total 512000K, used 247432K [0x0000000080000000, 0x0000000100000000)
  region size 1024K, 2 young (2048K), 2 survivors (2048K)
 Metaspace       used 178977K, capacity 184121K, committed 185112K, reserved 1210368K
  class space    used 21536K, capacity 23354K, committed 23652K, reserved 1048576K
}
Event: 2962.140 GC heap before
{Heap before GC invocations=178 (full 0):
 garbage-first heap   total 512000K, used 270984K [0x0000000080000000, 0x0000000100000000)
  region size 1024K, 25 young (25600K), 2 survivors (2048K)
 Metaspace       used 179000K, capacity 184121K, committed 185112K, reserved 1210368K
  class space    used 21536K, capacity 23354K, committed 23652K, reserved 1048576K
}
Event: 2962.180 GC heap after
{Heap after GC invocations=179 (full 0):
 garbage-first heap   total 512000K, used 235383K [0x0000000080000000, 0x0000000100000000)
  region size 1024K, 3 young (3072K), 3 survivors (3072K)
 Metaspace       used 179000K, capacity 184121K, committed 185112K, reserved 1210368K
  class space    used 21536K, capacity 23354K, committed 23652K, reserved 1048576K
}
Event: 2962.425 GC heap before
{Heap before GC invocations=179 (full 0):
 garbage-first heap   total 512000K, used 270199K [0x0000000080000000, 0x0000000100000000)
  region size 1024K, 39 young (39936K), 3 survivors (3072K)
 Metaspace       used 179022K, capacity 184188K, committed 185112K, reserved 1210368K
  class space    used 21537K, capacity 23354K, committed 23652K, reserved 1048576K
}
Event: 2962.458 GC heap after
{Heap after GC invocations=180 (full 0):
 garbage-first heap   total 512000K, used 245253K [0x0000000080000000, 0x0000000100000000)
  region size 1024K, 13 young (13312K), 13 survivors (13312K)
 Metaspace       used 179022K, capacity 184188K, committed 185112K, reserved 1210368K
  class space    used 21537K, capacity 23354K, committed 23652K, reserved 1048576K
}
Event: 3194.114 GC heap before
{Heap before GC invocations=181 (full 0):
 garbage-first heap   total 512000K, used 366085K [0x0000000080000000, 0x0000000100000000)
  region size 1024K, 134 young (137216K), 13 survivors (13312K)
 Metaspace       used 179278K, capacity 184453K, committed 185112K, reserved 1210368K
  class space    used 21560K, capacity 23396K, committed 23652K, reserved 1048576K
}
Event: 3194.124 GC heap after
{Heap after GC invocations=182 (full 0):
 garbage-first heap   total 512000K, used 217797K [0x0000000080000000, 0x0000000100000000)
  region size 1024K, 7 young (7168K), 7 survivors (7168K)
 Metaspace       used 179278K, capacity 184453K, committed 185112K, reserved 1210368K
  class space    used 21560K, capacity 23396K, committed 23652K, reserved 1048576K
}
Event: 3194.636 GC heap before
{Heap before GC invocations=182 (full 0):
 garbage-first heap   total 512000K, used 235205K [0x0000000080000000, 0x0000000100000000)
  region size 1024K, 25 young (25600K), 7 survivors (7168K)
 Metaspace       used 179346K, capacity 184560K, committed 185368K, reserved 1210368K
  class space    used 21567K, capacity 23410K, committed 23652K, reserved 1048576K
}
Event: 3194.654 GC heap after
{Heap after GC invocations=183 (full 0):
 garbage-first heap   total 512000K, used 189861K [0x0000000080000000, 0x0000000100000000)
  region size 1024K, 2 young (2048K), 2 survivors (2048K)
 Metaspace       used 179346K, capacity 184560K, committed 185368K, reserved 1210368K
  class space    used 21567K, capacity 23410K, committed 23652K, reserved 1048576K
}
Event: 3198.322 GC heap before
{Heap before GC invocations=183 (full 0):
 garbage-first heap   total 512000K, used 242085K [0x0000000080000000, 0x0000000100000000)
  region size 1024K, 54 young (55296K), 2 survivors (2048K)
 Metaspace       used 179422K, capacity 184610K, committed 185368K, reserved 1210368K
  class space    used 21572K, capacity 23420K, committed 23652K, reserved 1048576K
}
Event: 3198.332 GC heap after
{Heap after GC invocations=184 (full 0):
 garbage-first heap   total 512000K, used 191298K [0x0000000080000000, 0x0000000100000000)
  region size 1024K, 4 young (4096K), 4 survivors (4096K)
 Metaspace       used 179422K, capacity 184610K, committed 185368K, reserved 1210368K
  class space    used 21572K, capacity 23420K, committed 23652K, reserved 1048576K
}
Event: 3373.341 GC heap before
{Heap before GC invocations=185 (full 0):
 garbage-first heap   total 512000K, used 372546K [0x0000000080000000, 0x0000000100000000)
  region size 1024K, 154 young (157696K), 4 survivors (4096K)
 Metaspace       used 179795K, capacity 185122K, committed 185624K, reserved 1212416K
  class space    used 21608K, capacity 23483K, committed 23652K, reserved 1048576K
}
Event: 3373.350 GC heap after
{Heap after GC invocations=186 (full 0):
 garbage-first heap   total 512000K, used 188555K [0x0000000080000000, 0x0000000100000000)
  region size 1024K, 5 young (5120K), 5 survivors (5120K)
 Metaspace       used 179795K, capacity 185122K, committed 185624K, reserved 1212416K
  class space    used 21608K, capacity 23483K, committed 23652K, reserved 1048576K
}
Event: 3373.644 GC heap before
{Heap before GC invocations=186 (full 0):
 garbage-first heap   total 512000K, used 209035K [0x0000000080000000, 0x0000000100000000)
  region size 1024K, 25 young (25600K), 5 survivors (5120K)
 Metaspace       used 180068K, capacity 185581K, committed 185880K, reserved 1212416K
  class space    used 21647K, capacity 23555K, committed 23652K, reserved 1048576K
}
Event: 3373.668 GC heap after
{Heap after GC invocations=187 (full 0):
 garbage-first heap   total 512000K, used 178540K [0x0000000080000000, 0x0000000100000000)
  region size 1024K, 4 young (4096K), 4 survivors (4096K)
 Metaspace       used 180068K, capacity 185581K, committed 185880K, reserved 1212416K
  class space    used 21647K, capacity 23555K, committed 23652K, reserved 1048576K
}
Event: 5316.949 GC heap before
{Heap before GC invocations=187 (full 0):
 garbage-first heap   total 512000K, used 352620K [0x0000000080000000, 0x0000000100000000)
  region size 1024K, 175 young (179200K), 4 survivors (4096K)
 Metaspace       used 180227K, capacity 185702K, committed 185880K, reserved 1212416K
  class space    used 21655K, capacity 23568K, committed 23652K, reserved 1048576K
}
Event: 5317.503 GC heap after
{Heap after GC invocations=188 (full 0):
 garbage-first heap   total 512000K, used 191419K [0x0000000080000000, 0x0000000100000000)
  region size 1024K, 17 young (17408K), 17 survivors (17408K)
 Metaspace       used 180227K, capacity 185702K, committed 185880K, reserved 1212416K
  class space    used 21655K, capacity 23568K, committed 23652K, reserved 1048576K
}

